<?xml version="1.0" encoding="UTF-8"?>
<!-- Generated by org.testng.reporters.JUnitXMLReporter -->
<testsuite ignored="2" hostname="HUBLAPINDCE-018" failures="0" tests="6" name="Command line test" time="11.372" errors="0" timestamp="2023-02-04T12:40:47 IST">
  <testcase classname="tests.TestExamples" name="test_2" time="6.13"/>
  <testcase classname="tests.TestGetAndPost" name="post" time="1.065"/>
  <testcase classname="tests.TestGetAndPost" name="post_1" time="0.472"/>
  <testcase classname="tests.TestPutPatchDelete" name="delete" time="1.364"/>
  <testcase classname="tests.TestPutPatchDelete" name="patch" time="1.003"/>
  <testcase classname="tests.TestPutPatchDelete" name="put" time="1.246"/>
  <testcase classname="tests.TestGetAndPost" name="get" time="0.0">
    <ignored/>
  </testcase> <!-- get -->
  <testcase classname="tests.TestExamples" name="test_1" time="0.0">
    <ignored/>
  </testcase> <!-- test_1 -->
</testsuite> <!-- Command line test -->
