<?xml version="1.0" encoding="UTF-8"?>
<testng-results ignored="2" total="8" passed="6" failed="0" skipped="0">
  <reporter-output>
  </reporter-output>
  <suite started-at="2023-02-04T12:40:36 IST" name="Command line suite" finished-at="2023-02-04T12:40:47 IST" duration-ms="11372">
    <groups>
    </groups>
    <test started-at="2023-02-04T12:40:36 IST" name="Command line test" finished-at="2023-02-04T12:40:47 IST" duration-ms="11372">
      <class name="tests.TestGetAndPost">
        <test-method signature="post()[pri:0, instance:tests.TestGetAndPost@5762806e]" started-at="2023-02-04T12:40:42 IST" name="post" finished-at="2023-02-04T12:40:43 IST" duration-ms="1065" status="PASS">
          <reporter-output>
          </reporter-output>
        </test-method> <!-- post -->
        <test-method signature="post_1()[pri:0, instance:tests.TestGetAndPost@5762806e]" started-at="2023-02-04T12:40:43 IST" name="post_1" finished-at="2023-02-04T12:40:43 IST" duration-ms="472" status="PASS">
          <reporter-output>
          </reporter-output>
        </test-method> <!-- post_1 -->
      </class> <!-- tests.TestGetAndPost -->
      <class name="tests.TestExamples">
        <test-method signature="test_2()[pri:0, instance:tests.TestExamples@2c34f934]" started-at="2023-02-04T12:40:36 IST" name="test_2" finished-at="2023-02-04T12:40:42 IST" duration-ms="6130" status="PASS">
          <reporter-output>
          </reporter-output>
        </test-method> <!-- test_2 -->
      </class> <!-- tests.TestExamples -->
      <class name="tests.TestPutPatchDelete">
        <test-method signature="delete()[pri:0, instance:tests.TestPutPatchDelete@17c386de]" started-at="2023-02-04T12:40:43 IST" name="delete" finished-at="2023-02-04T12:40:45 IST" duration-ms="1364" status="PASS">
          <reporter-output>
          </reporter-output>
        </test-method> <!-- delete -->
        <test-method signature="patch()[pri:0, instance:tests.TestPutPatchDelete@17c386de]" started-at="2023-02-04T12:40:45 IST" name="patch" finished-at="2023-02-04T12:40:46 IST" duration-ms="1003" status="PASS">
          <reporter-output>
          </reporter-output>
        </test-method> <!-- patch -->
        <test-method signature="put()[pri:0, instance:tests.TestPutPatchDelete@17c386de]" started-at="2023-02-04T12:40:46 IST" name="put" finished-at="2023-02-04T12:40:47 IST" duration-ms="1246" status="PASS">
          <reporter-output>
          </reporter-output>
        </test-method> <!-- put -->
      </class> <!-- tests.TestPutPatchDelete -->
    </test> <!-- Command line test -->
  </suite> <!-- Command line suite -->
</testng-results>
