<?xml version="1.0" encoding="UTF-8" ?>
<testsuite tests="6" failures="0" name="TestSuite" time="11.296" errors="0" skipped="0">
  <properties>
[...]
</properties>
  <testcase classname="tests.TestExamples" name="test_2" time="6.138"/>
  <testcase classname="tests.TestGetAndPost" name="post" time="1.079"/>
  <testcase classname="tests.TestGetAndPost" name="post_1" time="0.464"/>
  <testcase classname="tests.TestPutPatchDelete" name="delete" time="1.365"/>
  <testcase classname="tests.TestPutPatchDelete" name="patch" time="1.001"/>
  <testcase classname="tests.TestPutPatchDelete" name="put" time="1.249"/>
</testsuite>