<?xml version="1.0" encoding="UTF-8"?>
<testng-results ignored="1" total="2" passed="1" failed="0" skipped="0">
  <reporter-output>
  </reporter-output>
  <suite started-at="2023-02-03T16:07:20 IST" name="Default suite" finished-at="2023-02-03T16:07:28 IST" duration-ms="8158">
    <groups>
    </groups>
    <test started-at="2023-02-03T16:07:20 IST" name="Default test" finished-at="2023-02-03T16:07:28 IST" duration-ms="8158">
      <class name="tests.TestExamples">
        <test-method signature="test_2()[pri:0, instance:tests.TestExamples@1d2adfbe]" started-at="2023-02-03T16:07:20 IST" name="test_2" finished-at="2023-02-03T16:07:28 IST" duration-ms="8027" status="PASS">
          <reporter-output>
          </reporter-output>
        </test-method> <!-- test_2 -->
      </class> <!-- tests.TestExamples -->
    </test> <!-- Default test -->
  </suite> <!-- Default suite -->
</testng-results>
