<?xml version="1.0" encoding="UTF-8"?>
<testng-results ignored="0" total="1" passed="1" failed="0" skipped="0">
  <reporter-output>
  </reporter-output>
  <suite started-at="2023-02-04T23:37:13 IST" name="Default suite" finished-at="2023-02-04T23:37:27 IST" duration-ms="13639">
    <groups>
    </groups>
    <test started-at="2023-02-04T23:37:13 IST" name="Default test" finished-at="2023-02-04T23:37:27 IST" duration-ms="13639">
      <class name="tests.JsonSchemaValidation">
        <test-method signature="schemaTest()[pri:0, instance:tests.JsonSchemaValidation@130d63be]" started-at="2023-02-04T23:37:13 IST" name="schemaTest" finished-at="2023-02-04T23:37:27 IST" duration-ms="13417" status="PASS">
          <reporter-output>
          </reporter-output>
        </test-method> <!-- schemaTest -->
      </class> <!-- tests.JsonSchemaValidation -->
    </test> <!-- Default test -->
  </suite> <!-- Default suite -->
</testng-results>
